2022-06-09 11:29:22.934  INFO 20688 --- [restartedMain] c.e.d.HelloSpringBootDemoWebApplication  : Starting HelloSpringBootDemoWebApplication using Java 17.0.2 on DESKTOP-6O3RMHL with PID 20688 (C:\Train\lowes_javabootcamp-dih-batch2\labs\spring boot\hello-spring-boot-demo-web\target\classes started by Sharath in C:\Train\lowes_javabootcamp-dih-batch2\labs\spring boot\hello-spring-boot-demo-web)
2022-06-09 11:29:22.938  INFO 20688 --- [restartedMain] c.e.d.HelloSpringBootDemoWebApplication  : No active profile set, falling back to 1 default profile: "default"
2022-06-09 11:29:23.010  INFO 20688 --- [restartedMain] .e.DevToolsPropertyDefaultsPostProcessor : Devtools property defaults active! Set 'spring.devtools.add-properties' to 'false' to disable
2022-06-09 11:29:23.597  INFO 20688 --- [restartedMain] o.s.b.d.a.OptionalLiveReloadServer       : LiveReload server is running on port 35729
2022-06-09 11:29:23.613  INFO 20688 --- [restartedMain] c.e.d.HelloSpringBootDemoWebApplication  : Started HelloSpringBootDemoWebApplication in 1.029 seconds (JVM running for 1.822)
2022-06-09 13:44:54.360  INFO 9472 --- [restartedMain] c.e.d.HelloSpringBootDemoWebApplication  : Starting HelloSpringBootDemoWebApplication using Java 17.0.2 on DESKTOP-6O3RMHL with PID 9472 (C:\Train\lowes_javabootcamp-dih-batch2\labs\spring boot\hello-spring-boot-demo-web\target\classes started by Sharath in C:\Train\lowes_javabootcamp-dih-batch2\labs\spring boot\hello-spring-boot-demo-web)
2022-06-09 13:44:54.361  INFO 9472 --- [restartedMain] c.e.d.HelloSpringBootDemoWebApplication  : No active profile set, falling back to 1 default profile: "default"
2022-06-09 13:44:54.402  INFO 9472 --- [restartedMain] .e.DevToolsPropertyDefaultsPostProcessor : Devtools property defaults active! Set 'spring.devtools.add-properties' to 'false' to disable
2022-06-09 13:44:54.403  INFO 9472 --- [restartedMain] .e.DevToolsPropertyDefaultsPostProcessor : For additional web related logging consider setting the 'logging.level.web' property to 'DEBUG'
2022-06-09 13:44:55.327  INFO 9472 --- [restartedMain] o.s.b.w.embedded.tomcat.TomcatWebServer  : Tomcat initialized with port(s): 8080 (http)
2022-06-09 13:44:55.336  INFO 9472 --- [restartedMain] o.apache.catalina.core.StandardService   : Starting service [Tomcat]
2022-06-09 13:44:55.336  INFO 9472 --- [restartedMain] org.apache.catalina.core.StandardEngine  : Starting Servlet engine: [Apache Tomcat/9.0.63]
2022-06-09 13:44:55.481  INFO 9472 --- [restartedMain] o.a.c.c.C.[Tomcat].[localhost].[/]       : Initializing Spring embedded WebApplicationContext
2022-06-09 13:44:55.481  INFO 9472 --- [restartedMain] w.s.c.ServletWebServerApplicationContext : Root WebApplicationContext: initialization completed in 1078 ms
2022-06-09 13:44:55.934  INFO 9472 --- [restartedMain] o.s.b.d.a.OptionalLiveReloadServer       : LiveReload server is running on port 35729
2022-06-09 13:44:55.937  INFO 9472 --- [restartedMain] o.s.b.a.e.web.EndpointLinksResolver      : Exposing 1 endpoint(s) beneath base path '/actuator'
2022-06-09 13:44:55.969  INFO 9472 --- [restartedMain] o.s.b.w.embedded.tomcat.TomcatWebServer  : Tomcat started on port(s): 8080 (http) with context path ''
2022-06-09 13:44:55.980  INFO 9472 --- [restartedMain] c.e.d.HelloSpringBootDemoWebApplication  : Started HelloSpringBootDemoWebApplication in 1.905 seconds (JVM running for 2.525)
2022-06-09 13:44:58.999  INFO 9472 --- [RMI TCP Connection(8)-127.0.0.1] o.a.c.c.C.[Tomcat].[localhost].[/]       : Initializing Spring DispatcherServlet 'dispatcherServlet'
2022-06-09 13:44:58.999  INFO 9472 --- [RMI TCP Connection(8)-127.0.0.1] o.s.web.servlet.DispatcherServlet        : Initializing Servlet 'dispatcherServlet'
2022-06-09 13:44:59.001  INFO 9472 --- [RMI TCP Connection(8)-127.0.0.1] o.s.web.servlet.DispatcherServlet        : Completed initialization in 1 ms
2022-06-09 14:00:38.064  INFO 9472 --- [restartedMain] c.e.d.HelloSpringBootDemoWebApplication  : Starting HelloSpringBootDemoWebApplication using Java 17.0.2 on DESKTOP-6O3RMHL with PID 9472 (C:\Train\lowes_javabootcamp-dih-batch2\labs\spring boot\hello-spring-boot-demo-web\target\classes started by Sharath in C:\Train\lowes_javabootcamp-dih-batch2\labs\spring boot\hello-spring-boot-demo-web)
2022-06-09 14:00:38.064  INFO 9472 --- [restartedMain] c.e.d.HelloSpringBootDemoWebApplication  : No active profile set, falling back to 1 default profile: "default"
2022-06-09 14:00:38.432  INFO 9472 --- [restartedMain] o.s.b.w.embedded.tomcat.TomcatWebServer  : Tomcat initialized with port(s): 8080 (http)
2022-06-09 14:00:38.434  INFO 9472 --- [restartedMain] o.apache.catalina.core.StandardService   : Starting service [Tomcat]
2022-06-09 14:00:38.434  INFO 9472 --- [restartedMain] org.apache.catalina.core.StandardEngine  : Starting Servlet engine: [Apache Tomcat/9.0.63]
2022-06-09 14:00:38.469  INFO 9472 --- [restartedMain] o.a.c.c.C.[Tomcat].[localhost].[/]       : Initializing Spring embedded WebApplicationContext
2022-06-09 14:00:38.470  INFO 9472 --- [restartedMain] w.s.c.ServletWebServerApplicationContext : Root WebApplicationContext: initialization completed in 404 ms
2022-06-09 14:00:38.696  INFO 9472 --- [restartedMain] o.s.b.d.a.OptionalLiveReloadServer       : LiveReload server is running on port 35729
2022-06-09 14:00:38.701  INFO 9472 --- [restartedMain] o.s.b.a.e.web.EndpointLinksResolver      : Exposing 2 endpoint(s) beneath base path '/actuator'
2022-06-09 14:00:38.720  INFO 9472 --- [restartedMain] o.s.b.w.embedded.tomcat.TomcatWebServer  : Tomcat started on port(s): 8080 (http) with context path ''
2022-06-09 14:00:38.732  INFO 9472 --- [restartedMain] c.e.d.HelloSpringBootDemoWebApplication  : Started HelloSpringBootDemoWebApplication in 0.699 seconds (JVM running for 945.277)
2022-06-09 14:00:38.743  INFO 9472 --- [restartedMain] .ConditionEvaluationDeltaLoggingListener : Condition evaluation unchanged
2022-06-09 14:00:55.292  INFO 9472 --- [http-nio-8080-exec-1] o.a.c.c.C.[Tomcat].[localhost].[/]       : Initializing Spring DispatcherServlet 'dispatcherServlet'
2022-06-09 14:00:55.293  INFO 9472 --- [http-nio-8080-exec-1] o.s.web.servlet.DispatcherServlet        : Initializing Servlet 'dispatcherServlet'
2022-06-09 14:00:55.294  INFO 9472 --- [http-nio-8080-exec-1] o.s.web.servlet.DispatcherServlet        : Completed initialization in 1 ms
2022-06-09 14:02:24.788  INFO 9472 --- [restartedMain] c.e.d.HelloSpringBootDemoWebApplication  : Starting HelloSpringBootDemoWebApplication using Java 17.0.2 on DESKTOP-6O3RMHL with PID 9472 (C:\Train\lowes_javabootcamp-dih-batch2\labs\spring boot\hello-spring-boot-demo-web\target\classes started by Sharath in C:\Train\lowes_javabootcamp-dih-batch2\labs\spring boot\hello-spring-boot-demo-web)
2022-06-09 14:02:24.788  INFO 9472 --- [restartedMain] c.e.d.HelloSpringBootDemoWebApplication  : No active profile set, falling back to 1 default profile: "default"
2022-06-09 14:02:24.984  INFO 9472 --- [restartedMain] o.s.b.w.embedded.tomcat.TomcatWebServer  : Tomcat initialized with port(s): 8080 (http)
2022-06-09 14:02:24.984  INFO 9472 --- [restartedMain] o.apache.catalina.core.StandardService   : Starting service [Tomcat]
2022-06-09 14:02:24.984  INFO 9472 --- [restartedMain] org.apache.catalina.core.StandardEngine  : Starting Servlet engine: [Apache Tomcat/9.0.63]
2022-06-09 14:02:24.997  INFO 9472 --- [restartedMain] o.a.c.c.C.[Tomcat].[localhost].[/]       : Initializing Spring embedded WebApplicationContext
2022-06-09 14:02:24.997  INFO 9472 --- [restartedMain] w.s.c.ServletWebServerApplicationContext : Root WebApplicationContext: initialization completed in 208 ms
2022-06-09 14:02:25.095  INFO 9472 --- [restartedMain] o.s.b.d.a.OptionalLiveReloadServer       : LiveReload server is running on port 35729
2022-06-09 14:02:25.096  INFO 9472 --- [restartedMain] o.s.b.a.e.web.EndpointLinksResolver      : Exposing 14 endpoint(s) beneath base path '/actuator'
2022-06-09 14:02:25.106  INFO 9472 --- [restartedMain] o.s.b.w.embedded.tomcat.TomcatWebServer  : Tomcat started on port(s): 8080 (http) with context path ''
2022-06-09 14:02:25.115  INFO 9472 --- [restartedMain] c.e.d.HelloSpringBootDemoWebApplication  : Started HelloSpringBootDemoWebApplication in 0.347 seconds (JVM running for 1051.66)
2022-06-09 14:02:25.119  INFO 9472 --- [restartedMain] .ConditionEvaluationDeltaLoggingListener : Condition evaluation delta:


==========================
CONDITION EVALUATION DELTA
==========================


Positive matches:
-----------------

   CachesEndpointAutoConfiguration#cachesEndpointWebExtension matched:
      - @ConditionalOnBean (types: org.springframework.boot.actuate.cache.CachesEndpoint; SearchStrategy: all) found bean 'cachesEndpoint'; @ConditionalOnMissingBean (types: org.springframework.boot.actuate.cache.CachesEndpointWebExtension; SearchStrategy: all) did not find any beans (OnBeanCondition)
      - @ConditionalOnAvailableEndpoint marked as exposed by a 'management.endpoints.web.exposure' property (OnAvailableEndpointCondition)

   ConfigurationPropertiesReportEndpointAutoConfiguration#configurationPropertiesReportEndpointWebExtension matched:
      - @ConditionalOnBean (types: org.springframework.boot.actuate.context.properties.ConfigurationPropertiesReportEndpoint; SearchStrategy: all) found bean 'configurationPropertiesReportEndpoint'; @ConditionalOnMissingBean (types: org.springframework.boot.actuate.context.properties.ConfigurationPropertiesReportEndpointWebExtension; SearchStrategy: all) did not find any beans (OnBeanCondition)
      - @ConditionalOnAvailableEndpoint marked as exposed by a 'management.endpoints.web.exposure' property (OnAvailableEndpointCondition)

   EnvironmentEndpointAutoConfiguration#environmentEndpointWebExtension matched:
      - @ConditionalOnBean (types: org.springframework.boot.actuate.env.EnvironmentEndpoint; SearchStrategy: all) found bean 'environmentEndpoint'; @ConditionalOnMissingBean (types: org.springframework.boot.actuate.env.EnvironmentEndpointWebExtension; SearchStrategy: all) did not find any beans (OnBeanCondition)
      - @ConditionalOnAvailableEndpoint marked as exposed by a 'management.endpoints.web.exposure' property (OnAvailableEndpointCondition)


Negative matches:
-----------------

    None


Exclusions:
-----------

    None


Unconditional classes:
----------------------

    None



2022-06-09 14:02:32.103  INFO 9472 --- [RMI TCP Connection(32)-127.0.0.1] inMXBeanRegistrar$SpringApplicationAdmin : Application shutdown requested.
2022-06-09 14:02:34.493  INFO 23024 --- [restartedMain] c.e.d.HelloSpringBootDemoWebApplication  : Starting HelloSpringBootDemoWebApplication using Java 17.0.2 on DESKTOP-6O3RMHL with PID 23024 (C:\Train\lowes_javabootcamp-dih-batch2\labs\spring boot\hello-spring-boot-demo-web\target\classes started by Sharath in C:\Train\lowes_javabootcamp-dih-batch2\labs\spring boot\hello-spring-boot-demo-web)
2022-06-09 14:02:34.494  INFO 23024 --- [restartedMain] c.e.d.HelloSpringBootDemoWebApplication  : No active profile set, falling back to 1 default profile: "default"
2022-06-09 14:02:34.542  INFO 23024 --- [restartedMain] .e.DevToolsPropertyDefaultsPostProcessor : Devtools property defaults active! Set 'spring.devtools.add-properties' to 'false' to disable
2022-06-09 14:02:34.542  INFO 23024 --- [restartedMain] .e.DevToolsPropertyDefaultsPostProcessor : For additional web related logging consider setting the 'logging.level.web' property to 'DEBUG'
2022-06-09 14:02:35.498  INFO 23024 --- [restartedMain] o.s.b.w.embedded.tomcat.TomcatWebServer  : Tomcat initialized with port(s): 8080 (http)
2022-06-09 14:02:35.505  INFO 23024 --- [restartedMain] o.apache.catalina.core.StandardService   : Starting service [Tomcat]
2022-06-09 14:02:35.506  INFO 23024 --- [restartedMain] org.apache.catalina.core.StandardEngine  : Starting Servlet engine: [Apache Tomcat/9.0.63]
2022-06-09 14:02:35.653  INFO 23024 --- [restartedMain] o.a.c.c.C.[Tomcat].[localhost].[/]       : Initializing Spring embedded WebApplicationContext
2022-06-09 14:02:35.653  INFO 23024 --- [restartedMain] w.s.c.ServletWebServerApplicationContext : Root WebApplicationContext: initialization completed in 1110 ms
2022-06-09 14:02:36.145  INFO 23024 --- [restartedMain] o.s.b.d.a.OptionalLiveReloadServer       : LiveReload server is running on port 35729
2022-06-09 14:02:36.150  INFO 23024 --- [restartedMain] o.s.b.a.e.web.EndpointLinksResolver      : Exposing 14 endpoint(s) beneath base path '/actuator'
2022-06-09 14:02:36.204  INFO 23024 --- [restartedMain] o.s.b.w.embedded.tomcat.TomcatWebServer  : Tomcat started on port(s): 8080 (http) with context path ''
2022-06-09 14:02:36.217  INFO 23024 --- [restartedMain] c.e.d.HelloSpringBootDemoWebApplication  : Started HelloSpringBootDemoWebApplication in 2.047 seconds (JVM running for 2.888)
2022-06-09 14:02:36.905  INFO 23024 --- [RMI TCP Connection(9)-127.0.0.1] o.a.c.c.C.[Tomcat].[localhost].[/]       : Initializing Spring DispatcherServlet 'dispatcherServlet'
2022-06-09 14:02:36.905  INFO 23024 --- [RMI TCP Connection(9)-127.0.0.1] o.s.web.servlet.DispatcherServlet        : Initializing Servlet 'dispatcherServlet'
2022-06-09 14:02:36.906  INFO 23024 --- [RMI TCP Connection(9)-127.0.0.1] o.s.web.servlet.DispatcherServlet        : Completed initialization in 1 ms
2022-06-09 15:28:17.123  INFO 23024 --- [RMI TCP Connection(97)-127.0.0.1] inMXBeanRegistrar$SpringApplicationAdmin : Application shutdown requested.
2022-06-09 15:28:21.462  INFO 14840 --- [restartedMain] c.e.d.HelloSpringBootDemoWebApplication  : Starting HelloSpringBootDemoWebApplication using Java 17.0.2 on DESKTOP-6O3RMHL with PID 14840 (C:\Train\lowes_javabootcamp-dih-batch2\labs\spring boot\hello-spring-boot-demo-web\target\classes started by Sharath in C:\Train\lowes_javabootcamp-dih-batch2\labs\spring boot\hello-spring-boot-demo-web)
2022-06-09 15:28:21.463  INFO 14840 --- [restartedMain] c.e.d.HelloSpringBootDemoWebApplication  : No active profile set, falling back to 1 default profile: "default"
2022-06-09 15:28:21.516  INFO 14840 --- [restartedMain] .e.DevToolsPropertyDefaultsPostProcessor : Devtools property defaults active! Set 'spring.devtools.add-properties' to 'false' to disable
2022-06-09 15:28:21.516  INFO 14840 --- [restartedMain] .e.DevToolsPropertyDefaultsPostProcessor : For additional web related logging consider setting the 'logging.level.web' property to 'DEBUG'
2022-06-09 15:28:22.502  INFO 14840 --- [restartedMain] o.s.b.w.embedded.tomcat.TomcatWebServer  : Tomcat initialized with port(s): 8080 (http)
2022-06-09 15:28:22.512  INFO 14840 --- [restartedMain] o.apache.catalina.core.StandardService   : Starting service [Tomcat]
2022-06-09 15:28:22.512  INFO 14840 --- [restartedMain] org.apache.catalina.core.StandardEngine  : Starting Servlet engine: [Apache Tomcat/9.0.63]
2022-06-09 15:28:22.741  INFO 14840 --- [restartedMain] o.a.c.c.C.[Tomcat].[localhost].[/]       : Initializing Spring embedded WebApplicationContext
2022-06-09 15:28:22.741  INFO 14840 --- [restartedMain] w.s.c.ServletWebServerApplicationContext : Root WebApplicationContext: initialization completed in 1224 ms
2022-06-09 15:28:23.317  INFO 14840 --- [restartedMain] o.s.b.d.a.OptionalLiveReloadServer       : LiveReload server is running on port 35729
2022-06-09 15:28:23.325  INFO 14840 --- [restartedMain] o.s.b.a.e.web.EndpointLinksResolver      : Exposing 14 endpoint(s) beneath base path '/actuator'
2022-06-09 15:28:23.387  INFO 14840 --- [restartedMain] o.s.b.w.embedded.tomcat.TomcatWebServer  : Tomcat started on port(s): 8080 (http) with context path ''
2022-06-09 15:28:23.402  INFO 14840 --- [restartedMain] c.e.d.HelloSpringBootDemoWebApplication  : Started HelloSpringBootDemoWebApplication in 2.246 seconds (JVM running for 3.184)
2022-06-09 15:28:24.167  INFO 14840 --- [RMI TCP Connection(1)-127.0.0.1] o.a.c.c.C.[Tomcat].[localhost].[/]       : Initializing Spring DispatcherServlet 'dispatcherServlet'
2022-06-09 15:28:24.168  INFO 14840 --- [RMI TCP Connection(1)-127.0.0.1] o.s.web.servlet.DispatcherServlet        : Initializing Servlet 'dispatcherServlet'
2022-06-09 15:28:24.169  INFO 14840 --- [RMI TCP Connection(1)-127.0.0.1] o.s.web.servlet.DispatcherServlet        : Completed initialization in 0 ms
2022-06-09 15:30:27.021  WARN 14840 --- [http-nio-8080-exec-3] .w.s.m.s.DefaultHandlerExceptionResolver : Resolved [org.springframework.web.HttpRequestMethodNotSupportedException: Request method 'POST' not supported]
2022-06-09 15:30:27.037  WARN 14840 --- [http-nio-8080-exec-3] .m.m.a.ExceptionHandlerExceptionResolver : Resolved [org.springframework.web.HttpMediaTypeNotAcceptableException: Could not find acceptable representation]
2022-06-09 15:59:53.190  INFO 14840 --- [restartedMain] c.e.d.HelloSpringBootDemoWebApplication  : Starting HelloSpringBootDemoWebApplication using Java 17.0.2 on DESKTOP-6O3RMHL with PID 14840 (C:\Train\lowes_javabootcamp-dih-batch2\labs\spring boot\hello-spring-boot-demo-web\target\classes started by Sharath in C:\Train\lowes_javabootcamp-dih-batch2\labs\spring boot\hello-spring-boot-demo-web)
2022-06-09 15:59:53.191  INFO 14840 --- [restartedMain] c.e.d.HelloSpringBootDemoWebApplication  : No active profile set, falling back to 1 default profile: "default"
2022-06-09 15:59:53.601  INFO 14840 --- [restartedMain] o.s.b.w.embedded.tomcat.TomcatWebServer  : Tomcat initialized with port(s): 8080 (http)
2022-06-09 15:59:53.603  INFO 14840 --- [restartedMain] o.apache.catalina.core.StandardService   : Starting service [Tomcat]
2022-06-09 15:59:53.604  INFO 14840 --- [restartedMain] org.apache.catalina.core.StandardEngine  : Starting Servlet engine: [Apache Tomcat/9.0.63]
2022-06-09 15:59:53.631  INFO 14840 --- [restartedMain] o.a.c.c.C.[Tomcat].[localhost].[/]       : Initializing Spring embedded WebApplicationContext
2022-06-09 15:59:53.631  INFO 14840 --- [restartedMain] w.s.c.ServletWebServerApplicationContext : Root WebApplicationContext: initialization completed in 438 ms
2022-06-09 15:59:53.920  INFO 14840 --- [restartedMain] o.s.b.d.a.OptionalLiveReloadServer       : LiveReload server is running on port 35729
2022-06-09 15:59:53.925  INFO 14840 --- [restartedMain] o.s.b.a.e.web.EndpointLinksResolver      : Exposing 14 endpoint(s) beneath base path '/actuator'
2022-06-09 15:59:53.953  INFO 14840 --- [restartedMain] o.s.b.w.embedded.tomcat.TomcatWebServer  : Tomcat started on port(s): 8080 (http) with context path ''
2022-06-09 15:59:53.965  INFO 14840 --- [restartedMain] c.e.d.HelloSpringBootDemoWebApplication  : Started HelloSpringBootDemoWebApplication in 0.804 seconds (JVM running for 1893.747)
2022-06-09 15:59:53.972  INFO 14840 --- [restartedMain] .ConditionEvaluationDeltaLoggingListener : Condition evaluation unchanged
2022-06-09 16:01:41.217  INFO 14840 --- [http-nio-8080-exec-1] o.a.c.c.C.[Tomcat].[localhost].[/]       : Initializing Spring DispatcherServlet 'dispatcherServlet'
2022-06-09 16:01:41.218  INFO 14840 --- [http-nio-8080-exec-1] o.s.web.servlet.DispatcherServlet        : Initializing Servlet 'dispatcherServlet'
2022-06-09 16:01:41.220  INFO 14840 --- [http-nio-8080-exec-1] o.s.web.servlet.DispatcherServlet        : Completed initialization in 2 ms
2022-06-09 18:24:08.894  INFO 14840 --- [restartedMain] c.e.d.HelloSpringBootDemoWebApplication  : Starting HelloSpringBootDemoWebApplication using Java 17.0.2 on DESKTOP-6O3RMHL with PID 14840 (C:\Train\lowes_javabootcamp-dih-batch2\labs\spring boot\hello-spring-boot-demo-web\target\classes started by Sharath in C:\Train\lowes_javabootcamp-dih-batch2\labs\spring boot\hello-spring-boot-demo-web)
2022-06-09 18:24:08.895  INFO 14840 --- [restartedMain] c.e.d.HelloSpringBootDemoWebApplication  : No active profile set, falling back to 1 default profile: "default"
2022-06-09 18:24:10.041  INFO 14840 --- [restartedMain] o.s.b.w.embedded.tomcat.TomcatWebServer  : Tomcat initialized with port(s): 8080 (http)
2022-06-09 18:24:10.043  INFO 14840 --- [restartedMain] o.apache.catalina.core.StandardService   : Starting service [Tomcat]
2022-06-09 18:24:10.044  INFO 14840 --- [restartedMain] org.apache.catalina.core.StandardEngine  : Starting Servlet engine: [Apache Tomcat/9.0.63]
2022-06-09 18:24:10.100  INFO 14840 --- [restartedMain] o.a.c.c.C.[Tomcat].[localhost].[/]       : Initializing Spring embedded WebApplicationContext
2022-06-09 18:24:10.101  INFO 14840 --- [restartedMain] w.s.c.ServletWebServerApplicationContext : Root WebApplicationContext: initialization completed in 1198 ms
2022-06-09 18:24:10.819  INFO 14840 --- [restartedMain] o.s.b.d.a.OptionalLiveReloadServer       : LiveReload server is running on port 35729
2022-06-09 18:24:10.835  INFO 14840 --- [restartedMain] o.s.b.a.e.web.EndpointLinksResolver      : Exposing 2 endpoint(s) beneath base path '/actuator'
2022-06-09 18:24:10.940  INFO 14840 --- [restartedMain] o.s.b.w.embedded.tomcat.TomcatWebServer  : Tomcat started on port(s): 8080 (http) with context path ''
2022-06-09 18:24:10.985  INFO 14840 --- [restartedMain] c.e.d.HelloSpringBootDemoWebApplication  : Started HelloSpringBootDemoWebApplication in 2.205 seconds (JVM running for 10550.767)
2022-06-09 18:24:11.012  INFO 14840 --- [restartedMain] .ConditionEvaluationDeltaLoggingListener : Condition evaluation delta:


==========================
CONDITION EVALUATION DELTA
==========================


Positive matches:
-----------------

    None


Negative matches:
-----------------

   CachesEndpointAutoConfiguration#cachesEndpointWebExtension:
      Did not match:
         - @ConditionalOnAvailableEndpoint no 'management.endpoints' property marked it as exposed (OnAvailableEndpointCondition)
      Matched:
         - @ConditionalOnBean (types: org.springframework.boot.actuate.cache.CachesEndpoint; SearchStrategy: all) found bean 'cachesEndpoint'; @ConditionalOnMissingBean (types: org.springframework.boot.actuate.cache.CachesEndpointWebExtension; SearchStrategy: all) did not find any beans (OnBeanCondition)

   ConfigurationPropertiesReportEndpointAutoConfiguration#configurationPropertiesReportEndpointWebExtension:
      Did not match:
         - @ConditionalOnAvailableEndpoint no 'management.endpoints' property marked it as exposed (OnAvailableEndpointCondition)
      Matched:
         - @ConditionalOnBean (types: org.springframework.boot.actuate.context.properties.ConfigurationPropertiesReportEndpoint; SearchStrategy: all) found bean 'configurationPropertiesReportEndpoint'; @ConditionalOnMissingBean (types: org.springframework.boot.actuate.context.properties.ConfigurationPropertiesReportEndpointWebExtension; SearchStrategy: all) did not find any beans (OnBeanCondition)

   EnvironmentEndpointAutoConfiguration#environmentEndpointWebExtension:
      Did not match:
         - @ConditionalOnAvailableEndpoint no 'management.endpoints' property marked it as exposed (OnAvailableEndpointCondition)
      Matched:
         - @ConditionalOnBean (types: org.springframework.boot.actuate.env.EnvironmentEndpoint; SearchStrategy: all) found bean 'environmentEndpoint'; @ConditionalOnMissingBean (types: org.springframework.boot.actuate.env.EnvironmentEndpointWebExtension; SearchStrategy: all) did not find any beans (OnBeanCondition)


Exclusions:
-----------

    None


Unconditional classes:
----------------------

    None



2022-06-09 18:51:38.663  INFO 14840 --- [RMI TCP Connection(248)-127.0.0.1] inMXBeanRegistrar$SpringApplicationAdmin : Application shutdown requested.
